{"C:\\Users\\Escudero\\Documents\\Projetos\\postech-fase2-projeto\\swagger.ts": {"path":"C:\\Users\\Escudero\\Documents\\Projetos\\postech-fase2-projeto\\swagger.ts","statementMap":{"0":{"start":{"line":116,"column":0},"end":{"line":116,"column":16}},"1":{"start":{"line":1,"column":0},"end":{"line":1,"column":41}},"2":{"start":{"line":2,"column":0},"end":{"line":2,"column":43}},"3":{"start":{"line":5,"column":16},"end":{"line":112,"column":2}},"4":{"start":{"line":114,"column":20},"end":{"line":114,"column":41}},"5":{"start":{"line":117,"column":2},"end":{"line":117,"column":70}}},"fnMap":{"0":{"name":"setupSwagger","decl":{"start":{"line":116,"column":16},"end":{"line":116,"column":28}},"loc":{"start":{"line":116,"column":45},"end":{"line":118,"column":1}}}},"branchMap":{},"s":{"0":3,"1":3,"2":3,"3":3,"4":3,"5":3},"f":{"0":3},"b":{}}
,"C:\\Users\\Escudero\\Documents\\Projetos\\postech-fase2-projeto\\src\\server.ts": {"path":"C:\\Users\\Escudero\\Documents\\Projetos\\postech-fase2-projeto\\src\\server.ts","statementMap":{"0":{"start":{"line":1,"column":0},"end":{"line":1,"column":53}},"1":{"start":{"line":2,"column":0},"end":{"line":2,"column":22}},"2":{"start":{"line":3,"column":0},"end":{"line":3,"column":53}},"3":{"start":{"line":4,"column":0},"end":{"line":4,"column":60}},"4":{"start":{"line":5,"column":0},"end":{"line":5,"column":48}},"5":{"start":{"line":6,"column":0},"end":{"line":6,"column":41}},"6":{"start":{"line":12,"column":8},"end":{"line":12,"column":null}},"7":{"start":{"line":13,"column":8},"end":{"line":13,"column":null}},"8":{"start":{"line":14,"column":8},"end":{"line":14,"column":null}},"9":{"start":{"line":15,"column":8},"end":{"line":15,"column":null}},"10":{"start":{"line":16,"column":8},"end":{"line":16,"column":null}},"11":{"start":{"line":17,"column":8},"end":{"line":19,"column":null}},"12":{"start":{"line":18,"column":12},"end":{"line":18,"column":null}},"13":{"start":{"line":20,"column":8},"end":{"line":20,"column":34}},"14":{"start":{"line":24,"column":8},"end":{"line":24,"column":null}},"15":{"start":{"line":8,"column":0},"end":{"line":8,"column":13}}},"fnMap":{"0":{"name":"(anonymous_6)","decl":{"start":{"line":11,"column":4},"end":{"line":11,"column":null}},"loc":{"start":{"line":11,"column":4},"end":{"line":21,"column":5}}},"1":{"name":"(anonymous_7)","decl":{"start":{"line":17,"column":29},"end":{"line":17,"column":30}},"loc":{"start":{"line":17,"column":77},"end":{"line":19,"column":9}}},"2":{"name":"(anonymous_8)","decl":{"start":{"line":23,"column":11},"end":{"line":23,"column":20}},"loc":{"start":{"line":23,"column":20},"end":{"line":25,"column":5}}}},"branchMap":{},"s":{"0":3,"1":3,"2":3,"3":3,"4":3,"5":3,"6":3,"7":3,"8":3,"9":3,"10":3,"11":3,"12":0,"13":3,"14":3,"15":3},"f":{"0":3,"1":0,"2":3},"b":{}}
,"C:\\Users\\Escudero\\Documents\\Projetos\\postech-fase2-projeto\\src\\controller\\Discipline\\CreateDisciplineController.ts": {"path":"C:\\Users\\Escudero\\Documents\\Projetos\\postech-fase2-projeto\\src\\controller\\Discipline\\CreateDisciplineController.ts","statementMap":{"0":{"start":{"line":6,"column":25},"end":{"line":6,"column":57}},"1":{"start":{"line":10,"column":30},"end":{"line":10,"column":66}},"2":{"start":{"line":11,"column":8},"end":{"line":11,"column":null}},"3":{"start":{"line":4,"column":0},"end":{"line":4,"column":13}}},"fnMap":{"0":{"name":"(anonymous_0)","decl":{"start":{"line":6,"column":4},"end":{"line":6,"column":25}},"loc":{"start":{"line":6,"column":57},"end":{"line":7,"column":5}}},"1":{"name":"(anonymous_1)","decl":{"start":{"line":9,"column":4},"end":{"line":9,"column":9}},"loc":{"start":{"line":9,"column":54},"end":{"line":12,"column":5}}}},"branchMap":{},"s":{"0":3,"1":0,"2":0,"3":3},"f":{"0":3,"1":0},"b":{}}
,"C:\\Users\\Escudero\\Documents\\Projetos\\postech-fase2-projeto\\src\\controller\\Discipline\\DeleteDisciplineController.ts": {"path":"C:\\Users\\Escudero\\Documents\\Projetos\\postech-fase2-projeto\\src\\controller\\Discipline\\DeleteDisciplineController.ts","statementMap":{"0":{"start":{"line":3,"column":0},"end":{"line":3,"column":58}},"1":{"start":{"line":7,"column":25},"end":{"line":7,"column":57}},"2":{"start":{"line":12,"column":19},"end":{"line":12,"column":32}},"3":{"start":{"line":14,"column":27},"end":{"line":14,"column":63}},"4":{"start":{"line":15,"column":8},"end":{"line":18,"column":9}},"5":{"start":{"line":16,"column":10},"end":{"line":16,"column":null}},"6":{"start":{"line":17,"column":10},"end":{"line":17,"column":16}},"7":{"start":{"line":20,"column":8},"end":{"line":25,"column":9}},"8":{"start":{"line":21,"column":12},"end":{"line":21,"column":null}},"9":{"start":{"line":22,"column":12},"end":{"line":22,"column":null}},"10":{"start":{"line":24,"column":12},"end":{"line":24,"column":null}},"11":{"start":{"line":5,"column":0},"end":{"line":5,"column":13}}},"fnMap":{"0":{"name":"(anonymous_1)","decl":{"start":{"line":7,"column":4},"end":{"line":7,"column":25}},"loc":{"start":{"line":7,"column":57},"end":{"line":8,"column":5}}},"1":{"name":"(anonymous_2)","decl":{"start":{"line":10,"column":4},"end":{"line":10,"column":9}},"loc":{"start":{"line":10,"column":54},"end":{"line":26,"column":5}}}},"branchMap":{"0":{"loc":{"start":{"line":15,"column":8},"end":{"line":18,"column":9}},"type":"if","locations":[{"start":{"line":15,"column":8},"end":{"line":18,"column":9}}]}},"s":{"0":3,"1":3,"2":0,"3":0,"4":0,"5":0,"6":0,"7":0,"8":0,"9":0,"10":0,"11":3},"f":{"0":3,"1":0},"b":{"0":[0]}}
,"C:\\Users\\Escudero\\Documents\\Projetos\\postech-fase2-projeto\\src\\controller\\Discipline\\GetAllDiscipliniesController.ts": {"path":"C:\\Users\\Escudero\\Documents\\Projetos\\postech-fase2-projeto\\src\\controller\\Discipline\\GetAllDiscipliniesController.ts","statementMap":{"0":{"start":{"line":6,"column":25},"end":{"line":6,"column":59}},"1":{"start":{"line":11,"column":31},"end":{"line":11,"column":62}},"2":{"start":{"line":12,"column":8},"end":{"line":12,"column":null}},"3":{"start":{"line":4,"column":0},"end":{"line":4,"column":13}}},"fnMap":{"0":{"name":"(anonymous_0)","decl":{"start":{"line":6,"column":4},"end":{"line":6,"column":25}},"loc":{"start":{"line":6,"column":59},"end":{"line":7,"column":5}}},"1":{"name":"(anonymous_1)","decl":{"start":{"line":9,"column":4},"end":{"line":9,"column":9}},"loc":{"start":{"line":9,"column":56},"end":{"line":13,"column":5}}}},"branchMap":{},"s":{"0":3,"1":1,"2":1,"3":3},"f":{"0":3,"1":1},"b":{}}
,"C:\\Users\\Escudero\\Documents\\Projetos\\postech-fase2-projeto\\src\\controller\\Discipline\\GetDisciplineByIdController.ts": {"path":"C:\\Users\\Escudero\\Documents\\Projetos\\postech-fase2-projeto\\src\\controller\\Discipline\\GetDisciplineByIdController.ts","statementMap":{"0":{"start":{"line":6,"column":23},"end":{"line":6,"column":56}},"1":{"start":{"line":11,"column":23},"end":{"line":11,"column":54}},"2":{"start":{"line":13,"column":4},"end":{"line":16,"column":5}},"3":{"start":{"line":14,"column":6},"end":{"line":14,"column":null}},"4":{"start":{"line":15,"column":6},"end":{"line":15,"column":12}},"5":{"start":{"line":18,"column":4},"end":{"line":18,"column":null}},"6":{"start":{"line":4,"column":0},"end":{"line":4,"column":13}}},"fnMap":{"0":{"name":"(anonymous_0)","decl":{"start":{"line":6,"column":2},"end":{"line":6,"column":23}},"loc":{"start":{"line":6,"column":56},"end":{"line":7,"column":3}}},"1":{"name":"(anonymous_1)","decl":{"start":{"line":9,"column":2},"end":{"line":9,"column":7}},"loc":{"start":{"line":9,"column":53},"end":{"line":19,"column":3}}}},"branchMap":{"0":{"loc":{"start":{"line":13,"column":4},"end":{"line":16,"column":5}},"type":"if","locations":[{"start":{"line":13,"column":4},"end":{"line":16,"column":5}}]}},"s":{"0":3,"1":0,"2":0,"3":0,"4":0,"5":0,"6":3},"f":{"0":3,"1":0},"b":{"0":[0]}}
,"C:\\Users\\Escudero\\Documents\\Projetos\\postech-fase2-projeto\\src\\controller\\Discipline\\UpdateDisciplineController.ts": {"path":"C:\\Users\\Escudero\\Documents\\Projetos\\postech-fase2-projeto\\src\\controller\\Discipline\\UpdateDisciplineController.ts","statementMap":{"0":{"start":{"line":6,"column":25},"end":{"line":6,"column":57}},"1":{"start":{"line":11,"column":23},"end":{"line":11,"column":54}},"2":{"start":{"line":13,"column":8},"end":{"line":15,"column":null}},"3":{"start":{"line":4,"column":0},"end":{"line":4,"column":13}}},"fnMap":{"0":{"name":"(anonymous_0)","decl":{"start":{"line":6,"column":4},"end":{"line":6,"column":25}},"loc":{"start":{"line":6,"column":57},"end":{"line":7,"column":5}}},"1":{"name":"(anonymous_1)","decl":{"start":{"line":9,"column":4},"end":{"line":9,"column":9}},"loc":{"start":{"line":9,"column":54},"end":{"line":16,"column":5}}}},"branchMap":{},"s":{"0":3,"1":0,"2":0,"3":3},"f":{"0":3,"1":0},"b":{}}
,"C:\\Users\\Escudero\\Documents\\Projetos\\postech-fase2-projeto\\src\\controller\\Post\\CreatePostController.ts": {"path":"C:\\Users\\Escudero\\Documents\\Projetos\\postech-fase2-projeto\\src\\controller\\Post\\CreatePostController.ts","statementMap":{"0":{"start":{"line":5,"column":25},"end":{"line":5,"column":51}},"1":{"start":{"line":10,"column":8},"end":{"line":18,"column":9}},"2":{"start":{"line":11,"column":12},"end":{"line":11,"column":null}},"3":{"start":{"line":12,"column":12},"end":{"line":14,"column":null}},"4":{"start":{"line":16,"column":12},"end":{"line":16,"column":33}},"5":{"start":{"line":17,"column":12},"end":{"line":17,"column":65}},"6":{"start":{"line":4,"column":0},"end":{"line":4,"column":13}}},"fnMap":{"0":{"name":"(anonymous_0)","decl":{"start":{"line":5,"column":4},"end":{"line":5,"column":25}},"loc":{"start":{"line":5,"column":51},"end":{"line":6,"column":5}}},"1":{"name":"(anonymous_1)","decl":{"start":{"line":8,"column":4},"end":{"line":8,"column":9}},"loc":{"start":{"line":8,"column":48},"end":{"line":19,"column":5}}}},"branchMap":{},"s":{"0":3,"1":0,"2":0,"3":0,"4":0,"5":0,"6":3},"f":{"0":3,"1":0},"b":{}}
,"C:\\Users\\Escudero\\Documents\\Projetos\\postech-fase2-projeto\\src\\controller\\Post\\DeletePostController.ts": {"path":"C:\\Users\\Escudero\\Documents\\Projetos\\postech-fase2-projeto\\src\\controller\\Post\\DeletePostController.ts","statementMap":{"0":{"start":{"line":3,"column":0},"end":{"line":3,"column":40}},"1":{"start":{"line":6,"column":25},"end":{"line":6,"column":51}},"2":{"start":{"line":11,"column":19},"end":{"line":11,"column":32}},"3":{"start":{"line":13,"column":21},"end":{"line":13,"column":51}},"4":{"start":{"line":14,"column":8},"end":{"line":17,"column":9}},"5":{"start":{"line":15,"column":10},"end":{"line":15,"column":null}},"6":{"start":{"line":16,"column":10},"end":{"line":16,"column":16}},"7":{"start":{"line":19,"column":8},"end":{"line":24,"column":9}},"8":{"start":{"line":20,"column":12},"end":{"line":20,"column":null}},"9":{"start":{"line":21,"column":12},"end":{"line":21,"column":null}},"10":{"start":{"line":23,"column":12},"end":{"line":23,"column":null}},"11":{"start":{"line":5,"column":0},"end":{"line":5,"column":13}}},"fnMap":{"0":{"name":"(anonymous_1)","decl":{"start":{"line":6,"column":4},"end":{"line":6,"column":25}},"loc":{"start":{"line":6,"column":51},"end":{"line":7,"column":5}}},"1":{"name":"(anonymous_2)","decl":{"start":{"line":9,"column":4},"end":{"line":9,"column":9}},"loc":{"start":{"line":9,"column":48},"end":{"line":25,"column":5}}}},"branchMap":{"0":{"loc":{"start":{"line":14,"column":8},"end":{"line":17,"column":9}},"type":"if","locations":[{"start":{"line":14,"column":8},"end":{"line":17,"column":9}}]}},"s":{"0":3,"1":3,"2":0,"3":0,"4":0,"5":0,"6":0,"7":0,"8":0,"9":0,"10":0,"11":3},"f":{"0":3,"1":0},"b":{"0":[0]}}
,"C:\\Users\\Escudero\\Documents\\Projetos\\postech-fase2-projeto\\src\\controller\\Post\\GetAllPostsController.ts": {"path":"C:\\Users\\Escudero\\Documents\\Projetos\\postech-fase2-projeto\\src\\controller\\Post\\GetAllPostsController.ts","statementMap":{"0":{"start":{"line":5,"column":25},"end":{"line":5,"column":52}},"1":{"start":{"line":9,"column":25},"end":{"line":9,"column":56}},"2":{"start":{"line":10,"column":8},"end":{"line":10,"column":null}},"3":{"start":{"line":4,"column":0},"end":{"line":4,"column":13}}},"fnMap":{"0":{"name":"(anonymous_0)","decl":{"start":{"line":5,"column":4},"end":{"line":5,"column":25}},"loc":{"start":{"line":5,"column":52},"end":{"line":6,"column":5}}},"1":{"name":"(anonymous_1)","decl":{"start":{"line":8,"column":4},"end":{"line":8,"column":9}},"loc":{"start":{"line":8,"column":49},"end":{"line":11,"column":5}}}},"branchMap":{},"s":{"0":3,"1":1,"2":1,"3":3},"f":{"0":3,"1":1},"b":{}}
,"C:\\Users\\Escudero\\Documents\\Projetos\\postech-fase2-projeto\\src\\controller\\Post\\GetPostByIdController.ts": {"path":"C:\\Users\\Escudero\\Documents\\Projetos\\postech-fase2-projeto\\src\\controller\\Post\\GetPostByIdController.ts","statementMap":{"0":{"start":{"line":5,"column":23},"end":{"line":5,"column":50}},"1":{"start":{"line":10,"column":17},"end":{"line":10,"column":48}},"2":{"start":{"line":12,"column":4},"end":{"line":15,"column":5}},"3":{"start":{"line":13,"column":6},"end":{"line":13,"column":null}},"4":{"start":{"line":14,"column":6},"end":{"line":14,"column":12}},"5":{"start":{"line":17,"column":4},"end":{"line":17,"column":null}},"6":{"start":{"line":4,"column":0},"end":{"line":4,"column":13}}},"fnMap":{"0":{"name":"(anonymous_0)","decl":{"start":{"line":5,"column":2},"end":{"line":5,"column":23}},"loc":{"start":{"line":5,"column":50},"end":{"line":6,"column":3}}},"1":{"name":"(anonymous_1)","decl":{"start":{"line":8,"column":2},"end":{"line":8,"column":7}},"loc":{"start":{"line":8,"column":47},"end":{"line":18,"column":3}}}},"branchMap":{"0":{"loc":{"start":{"line":12,"column":4},"end":{"line":15,"column":5}},"type":"if","locations":[{"start":{"line":12,"column":4},"end":{"line":15,"column":5}}]}},"s":{"0":3,"1":0,"2":0,"3":0,"4":0,"5":0,"6":3},"f":{"0":3,"1":0},"b":{"0":[0]}}
,"C:\\Users\\Escudero\\Documents\\Projetos\\postech-fase2-projeto\\src\\controller\\Post\\GetPostByTextController.ts": {"path":"C:\\Users\\Escudero\\Documents\\Projetos\\postech-fase2-projeto\\src\\controller\\Post\\GetPostByTextController.ts","statementMap":{"0":{"start":{"line":5,"column":23},"end":{"line":5,"column":52}},"1":{"start":{"line":10,"column":24},"end":{"line":10,"column":34}},"2":{"start":{"line":12,"column":4},"end":{"line":14,"column":5}},"3":{"start":{"line":13,"column":6},"end":{"line":13,"column":null}},"4":{"start":{"line":16,"column":4},"end":{"line":22,"column":5}},"5":{"start":{"line":17,"column":20},"end":{"line":17,"column":55}},"6":{"start":{"line":18,"column":6},"end":{"line":18,"column":null}},"7":{"start":{"line":20,"column":6},"end":{"line":20,"column":25}},"8":{"start":{"line":21,"column":6},"end":{"line":21,"column":90}},"9":{"start":{"line":4,"column":0},"end":{"line":4,"column":13}}},"fnMap":{"0":{"name":"(anonymous_0)","decl":{"start":{"line":5,"column":2},"end":{"line":5,"column":23}},"loc":{"start":{"line":5,"column":52},"end":{"line":6,"column":3}}},"1":{"name":"(anonymous_1)","decl":{"start":{"line":8,"column":2},"end":{"line":8,"column":7}},"loc":{"start":{"line":8,"column":49},"end":{"line":23,"column":3}}}},"branchMap":{"0":{"loc":{"start":{"line":12,"column":4},"end":{"line":14,"column":5}},"type":"if","locations":[{"start":{"line":12,"column":4},"end":{"line":14,"column":5}}]},"1":{"loc":{"start":{"line":12,"column":7},"end":{"line":12,"column":46}},"type":"binary-expr","locations":[{"start":{"line":12,"column":7},"end":{"line":12,"column":15}},{"start":{"line":12,"column":19},"end":{"line":12,"column":46}}]}},"s":{"0":3,"1":0,"2":0,"3":0,"4":0,"5":0,"6":0,"7":0,"8":0,"9":3},"f":{"0":3,"1":0},"b":{"0":[0],"1":[0,0]}}
,"C:\\Users\\Escudero\\Documents\\Projetos\\postech-fase2-projeto\\src\\controller\\Post\\UpdatePostController.ts": {"path":"C:\\Users\\Escudero\\Documents\\Projetos\\postech-fase2-projeto\\src\\controller\\Post\\UpdatePostController.ts","statementMap":{"0":{"start":{"line":5,"column":25},"end":{"line":5,"column":51}},"1":{"start":{"line":10,"column":23},"end":{"line":10,"column":54}},"2":{"start":{"line":12,"column":8},"end":{"line":14,"column":null}},"3":{"start":{"line":4,"column":0},"end":{"line":4,"column":13}}},"fnMap":{"0":{"name":"(anonymous_0)","decl":{"start":{"line":5,"column":4},"end":{"line":5,"column":25}},"loc":{"start":{"line":5,"column":51},"end":{"line":6,"column":5}}},"1":{"name":"(anonymous_1)","decl":{"start":{"line":8,"column":4},"end":{"line":8,"column":9}},"loc":{"start":{"line":8,"column":49},"end":{"line":15,"column":5}}}},"branchMap":{},"s":{"0":3,"1":0,"2":0,"3":3},"f":{"0":3,"1":0},"b":{}}
,"C:\\Users\\Escudero\\Documents\\Projetos\\postech-fase2-projeto\\src\\controller\\User\\CreateUserController.ts": {"path":"C:\\Users\\Escudero\\Documents\\Projetos\\postech-fase2-projeto\\src\\controller\\User\\CreateUserController.ts","statementMap":{"0":{"start":{"line":6,"column":25},"end":{"line":6,"column":51}},"1":{"start":{"line":10,"column":21},"end":{"line":10,"column":57}},"2":{"start":{"line":11,"column":8},"end":{"line":13,"column":null}},"3":{"start":{"line":4,"column":0},"end":{"line":4,"column":13}}},"fnMap":{"0":{"name":"(anonymous_0)","decl":{"start":{"line":6,"column":4},"end":{"line":6,"column":25}},"loc":{"start":{"line":6,"column":51},"end":{"line":7,"column":5}}},"1":{"name":"(anonymous_1)","decl":{"start":{"line":9,"column":4},"end":{"line":9,"column":9}},"loc":{"start":{"line":9,"column":48},"end":{"line":14,"column":5}}}},"branchMap":{},"s":{"0":3,"1":1,"2":1,"3":3},"f":{"0":3,"1":1},"b":{}}
,"C:\\Users\\Escudero\\Documents\\Projetos\\postech-fase2-projeto\\src\\controller\\User\\DeleteUserController.ts": {"path":"C:\\Users\\Escudero\\Documents\\Projetos\\postech-fase2-projeto\\src\\controller\\User\\DeleteUserController.ts","statementMap":{"0":{"start":{"line":3,"column":0},"end":{"line":3,"column":40}},"1":{"start":{"line":7,"column":25},"end":{"line":7,"column":51}},"2":{"start":{"line":12,"column":19},"end":{"line":12,"column":32}},"3":{"start":{"line":14,"column":21},"end":{"line":14,"column":51}},"4":{"start":{"line":15,"column":8},"end":{"line":18,"column":9}},"5":{"start":{"line":16,"column":10},"end":{"line":16,"column":null}},"6":{"start":{"line":17,"column":10},"end":{"line":17,"column":16}},"7":{"start":{"line":20,"column":8},"end":{"line":25,"column":9}},"8":{"start":{"line":21,"column":12},"end":{"line":21,"column":null}},"9":{"start":{"line":22,"column":12},"end":{"line":22,"column":null}},"10":{"start":{"line":24,"column":12},"end":{"line":24,"column":null}},"11":{"start":{"line":5,"column":0},"end":{"line":5,"column":13}}},"fnMap":{"0":{"name":"(anonymous_1)","decl":{"start":{"line":7,"column":4},"end":{"line":7,"column":25}},"loc":{"start":{"line":7,"column":51},"end":{"line":8,"column":5}}},"1":{"name":"(anonymous_2)","decl":{"start":{"line":10,"column":4},"end":{"line":10,"column":9}},"loc":{"start":{"line":10,"column":48},"end":{"line":26,"column":5}}}},"branchMap":{"0":{"loc":{"start":{"line":15,"column":8},"end":{"line":18,"column":9}},"type":"if","locations":[{"start":{"line":15,"column":8},"end":{"line":18,"column":9}}]}},"s":{"0":3,"1":3,"2":0,"3":0,"4":0,"5":0,"6":0,"7":0,"8":0,"9":0,"10":0,"11":3},"f":{"0":3,"1":0},"b":{"0":[0]}}
,"C:\\Users\\Escudero\\Documents\\Projetos\\postech-fase2-projeto\\src\\controller\\User\\GetAllUsersController.ts": {"path":"C:\\Users\\Escudero\\Documents\\Projetos\\postech-fase2-projeto\\src\\controller\\User\\GetAllUsersController.ts","statementMap":{"0":{"start":{"line":6,"column":25},"end":{"line":6,"column":52}},"1":{"start":{"line":10,"column":25},"end":{"line":10,"column":56}},"2":{"start":{"line":11,"column":8},"end":{"line":11,"column":null}},"3":{"start":{"line":4,"column":0},"end":{"line":4,"column":13}}},"fnMap":{"0":{"name":"(anonymous_0)","decl":{"start":{"line":6,"column":4},"end":{"line":6,"column":25}},"loc":{"start":{"line":6,"column":52},"end":{"line":7,"column":5}}},"1":{"name":"(anonymous_1)","decl":{"start":{"line":9,"column":4},"end":{"line":9,"column":9}},"loc":{"start":{"line":9,"column":49},"end":{"line":12,"column":5}}}},"branchMap":{},"s":{"0":3,"1":1,"2":1,"3":3},"f":{"0":3,"1":1},"b":{}}
,"C:\\Users\\Escudero\\Documents\\Projetos\\postech-fase2-projeto\\src\\controller\\User\\GetUserByIdController.ts": {"path":"C:\\Users\\Escudero\\Documents\\Projetos\\postech-fase2-projeto\\src\\controller\\User\\GetUserByIdController.ts","statementMap":{"0":{"start":{"line":6,"column":23},"end":{"line":6,"column":50}},"1":{"start":{"line":11,"column":15},"end":{"line":11,"column":28}},"2":{"start":{"line":12,"column":17},"end":{"line":12,"column":47}},"3":{"start":{"line":14,"column":4},"end":{"line":17,"column":5}},"4":{"start":{"line":15,"column":6},"end":{"line":15,"column":null}},"5":{"start":{"line":16,"column":6},"end":{"line":16,"column":12}},"6":{"start":{"line":19,"column":4},"end":{"line":19,"column":null}},"7":{"start":{"line":4,"column":0},"end":{"line":4,"column":13}}},"fnMap":{"0":{"name":"(anonymous_0)","decl":{"start":{"line":6,"column":2},"end":{"line":6,"column":23}},"loc":{"start":{"line":6,"column":50},"end":{"line":7,"column":3}}},"1":{"name":"(anonymous_1)","decl":{"start":{"line":9,"column":2},"end":{"line":9,"column":7}},"loc":{"start":{"line":9,"column":47},"end":{"line":20,"column":3}}}},"branchMap":{"0":{"loc":{"start":{"line":14,"column":4},"end":{"line":17,"column":5}},"type":"if","locations":[{"start":{"line":14,"column":4},"end":{"line":17,"column":5}}]}},"s":{"0":3,"1":0,"2":0,"3":0,"4":0,"5":0,"6":0,"7":3},"f":{"0":3,"1":0},"b":{"0":[0]}}
,"C:\\Users\\Escudero\\Documents\\Projetos\\postech-fase2-projeto\\src\\controller\\User\\LoginController.ts": {"path":"C:\\Users\\Escudero\\Documents\\Projetos\\postech-fase2-projeto\\src\\controller\\User\\LoginController.ts","statementMap":{"0":{"start":{"line":2,"column":0},"end":{"line":2,"column":62}},"1":{"start":{"line":4,"column":21},"end":{"line":20,"column":1}},"2":{"start":{"line":6,"column":25},"end":{"line":6,"column":43}},"3":{"start":{"line":8,"column":4},"end":{"line":19,"column":5}},"4":{"start":{"line":9,"column":23},"end":{"line":9,"column":59}},"5":{"start":{"line":10,"column":8},"end":{"line":13,"column":null}},"6":{"start":{"line":15,"column":8},"end":{"line":17,"column":9}},"7":{"start":{"line":16,"column":12},"end":{"line":16,"column":68}},"8":{"start":{"line":18,"column":8},"end":{"line":18,"column":74}},"9":{"start":{"line":4,"column":13},"end":{"line":4,"column":21}}},"fnMap":{"0":{"name":"(anonymous_0)","decl":{"start":{"line":4,"column":21},"end":{"line":4,"column":26}},"loc":{"start":{"line":4,"column":59},"end":{"line":20,"column":1}}}},"branchMap":{"0":{"loc":{"start":{"line":15,"column":8},"end":{"line":17,"column":9}},"type":"if","locations":[{"start":{"line":15,"column":8},"end":{"line":17,"column":9}}]}},"s":{"0":3,"1":3,"2":0,"3":0,"4":0,"5":0,"6":0,"7":0,"8":0,"9":3},"f":{"0":0},"b":{"0":[0]}}
,"C:\\Users\\Escudero\\Documents\\Projetos\\postech-fase2-projeto\\src\\controller\\User\\UpdateUserController.ts": {"path":"C:\\Users\\Escudero\\Documents\\Projetos\\postech-fase2-projeto\\src\\controller\\User\\UpdateUserController.ts","statementMap":{"0":{"start":{"line":6,"column":25},"end":{"line":6,"column":51}},"1":{"start":{"line":11,"column":23},"end":{"line":11,"column":59}},"2":{"start":{"line":13,"column":8},"end":{"line":15,"column":null}},"3":{"start":{"line":4,"column":0},"end":{"line":4,"column":13}}},"fnMap":{"0":{"name":"(anonymous_0)","decl":{"start":{"line":6,"column":4},"end":{"line":6,"column":25}},"loc":{"start":{"line":6,"column":51},"end":{"line":7,"column":5}}},"1":{"name":"(anonymous_1)","decl":{"start":{"line":9,"column":4},"end":{"line":9,"column":9}},"loc":{"start":{"line":9,"column":48},"end":{"line":16,"column":5}}}},"branchMap":{},"s":{"0":3,"1":0,"2":0,"3":3},"f":{"0":3,"1":0},"b":{}}
,"C:\\Users\\Escudero\\Documents\\Projetos\\postech-fase2-projeto\\src\\database\\repository\\DisciplineRepositoryInMongoDB.ts": {"path":"C:\\Users\\Escudero\\Documents\\Projetos\\postech-fase2-projeto\\src\\database\\repository\\DisciplineRepositoryInMongoDB.ts","statementMap":{"0":{"start":{"line":2,"column":0},"end":{"line":2,"column":59}},"1":{"start":{"line":7,"column":26},"end":{"line":7,"column":34}},"2":{"start":{"line":8,"column":27},"end":{"line":8,"column":52}},"3":{"start":{"line":9,"column":30},"end":{"line":9,"column":53}},"4":{"start":{"line":10,"column":8},"end":{"line":10,"column":29}},"5":{"start":{"line":14,"column":8},"end":{"line":14,"column":39}},"6":{"start":{"line":18,"column":8},"end":{"line":18,"column":45}},"7":{"start":{"line":22,"column":19},"end":{"line":22,"column":32}},"8":{"start":{"line":23,"column":26},"end":{"line":23,"column":34}},"9":{"start":{"line":25,"column":27},"end":{"line":29,"column":10}},"10":{"start":{"line":30,"column":8},"end":{"line":30,"column":67}},"11":{"start":{"line":34,"column":19},"end":{"line":34,"column":32}},"12":{"start":{"line":35,"column":8},"end":{"line":35,"column":55}},"13":{"start":{"line":5,"column":0},"end":{"line":5,"column":13}}},"fnMap":{"0":{"name":"(anonymous_1)","decl":{"start":{"line":6,"column":4},"end":{"line":6,"column":9}},"loc":{"start":{"line":6,"column":27},"end":{"line":11,"column":5}}},"1":{"name":"(anonymous_2)","decl":{"start":{"line":13,"column":4},"end":{"line":13,"column":9}},"loc":{"start":{"line":13,"column":16},"end":{"line":15,"column":5}}},"2":{"name":"(anonymous_3)","decl":{"start":{"line":17,"column":4},"end":{"line":17,"column":9}},"loc":{"start":{"line":17,"column":28},"end":{"line":19,"column":5}}},"3":{"name":"(anonymous_4)","decl":{"start":{"line":21,"column":4},"end":{"line":21,"column":9}},"loc":{"start":{"line":21,"column":29},"end":{"line":31,"column":5}}},"4":{"name":"(anonymous_5)","decl":{"start":{"line":33,"column":4},"end":{"line":33,"column":9}},"loc":{"start":{"line":33,"column":29},"end":{"line":36,"column":5}}}},"branchMap":{},"s":{"0":3,"1":0,"2":0,"3":0,"4":0,"5":1,"6":0,"7":0,"8":0,"9":0,"10":0,"11":0,"12":0,"13":3},"f":{"0":0,"1":1,"2":0,"3":0,"4":0},"b":{}}
,"C:\\Users\\Escudero\\Documents\\Projetos\\postech-fase2-projeto\\src\\database\\repository\\PostRepositoryInMongoDB.ts": {"path":"C:\\Users\\Escudero\\Documents\\Projetos\\postech-fase2-projeto\\src\\database\\repository\\PostRepositoryInMongoDB.ts","statementMap":{"0":{"start":{"line":2,"column":0},"end":{"line":2,"column":40}},"1":{"start":{"line":4,"column":0},"end":{"line":4,"column":62}},"2":{"start":{"line":5,"column":0},"end":{"line":5,"column":74}},"3":{"start":{"line":6,"column":0},"end":{"line":6,"column":67}},"4":{"start":{"line":7,"column":0},"end":{"line":7,"column":59}},"5":{"start":{"line":9,"column":21},"end":{"line":9,"column":39}},"6":{"start":{"line":10,"column":19},"end":{"line":10,"column":48}},"7":{"start":{"line":11,"column":27},"end":{"line":11,"column":61}},"8":{"start":{"line":17,"column":51},"end":{"line":17,"column":59}},"9":{"start":{"line":18,"column":30},"end":{"line":18,"column":55}},"10":{"start":{"line":20,"column":8},"end":{"line":49,"column":9}},"11":{"start":{"line":22,"column":27},"end":{"line":22,"column":73}},"12":{"start":{"line":24,"column":12},"end":{"line":26,"column":13}},"13":{"start":{"line":25,"column":16},"end":{"line":25,"column":75}},"14":{"start":{"line":28,"column":25},"end":{"line":28,"column":65}},"15":{"start":{"line":30,"column":12},"end":{"line":32,"column":13}},"16":{"start":{"line":31,"column":16},"end":{"line":31,"column":61}},"17":{"start":{"line":34,"column":39},"end":{"line":34,"column":76}},"18":{"start":{"line":36,"column":12},"end":{"line":38,"column":13}},"19":{"start":{"line":37,"column":16},"end":{"line":37,"column":null}},"20":{"start":{"line":40,"column":25},"end":{"line":45,"column":null}},"21":{"start":{"line":47,"column":28},"end":{"line":47,"column":51}},"22":{"start":{"line":48,"column":12},"end":{"line":48,"column":null}},"23":{"start":{"line":54,"column":8},"end":{"line":54,"column":null}},"24":{"start":{"line":58,"column":8},"end":{"line":58,"column":null}},"25":{"start":{"line":63,"column":22},"end":{"line":68,"column":33}},"26":{"start":{"line":69,"column":8},"end":{"line":69,"column":null}},"27":{"start":{"line":74,"column":19},"end":{"line":74,"column":32}},"28":{"start":{"line":75,"column":51},"end":{"line":75,"column":59}},"29":{"start":{"line":76,"column":30},"end":{"line":76,"column":55}},"30":{"start":{"line":78,"column":8},"end":{"line":106,"column":9}},"31":{"start":{"line":80,"column":27},"end":{"line":80,"column":73}},"32":{"start":{"line":82,"column":12},"end":{"line":84,"column":13}},"33":{"start":{"line":83,"column":16},"end":{"line":83,"column":75}},"34":{"start":{"line":86,"column":25},"end":{"line":86,"column":65}},"35":{"start":{"line":88,"column":12},"end":{"line":90,"column":13}},"36":{"start":{"line":89,"column":16},"end":{"line":89,"column":61}},"37":{"start":{"line":92,"column":39},"end":{"line":92,"column":76}},"38":{"start":{"line":93,"column":12},"end":{"line":95,"column":13}},"39":{"start":{"line":94,"column":16},"end":{"line":94,"column":null}},"40":{"start":{"line":97,"column":25},"end":{"line":104,"column":null}},"41":{"start":{"line":105,"column":12},"end":{"line":105,"column":null}},"42":{"start":{"line":110,"column":19},"end":{"line":110,"column":32}},"43":{"start":{"line":111,"column":8},"end":{"line":111,"column":null}},"44":{"start":{"line":13,"column":0},"end":{"line":13,"column":13}}},"fnMap":{"0":{"name":"(anonymous_1)","decl":{"start":{"line":15,"column":4},"end":{"line":15,"column":9}},"loc":{"start":{"line":15,"column":27},"end":{"line":51,"column":5}}},"1":{"name":"(anonymous_2)","decl":{"start":{"line":53,"column":4},"end":{"line":53,"column":9}},"loc":{"start":{"line":53,"column":16},"end":{"line":55,"column":5}}},"2":{"name":"(anonymous_3)","decl":{"start":{"line":57,"column":4},"end":{"line":57,"column":9}},"loc":{"start":{"line":57,"column":28},"end":{"line":59,"column":5}}},"3":{"name":"(anonymous_4)","decl":{"start":{"line":61,"column":4},"end":{"line":61,"column":9}},"loc":{"start":{"line":61,"column":33},"end":{"line":70,"column":5}}},"4":{"name":"(anonymous_5)","decl":{"start":{"line":72,"column":4},"end":{"line":72,"column":9}},"loc":{"start":{"line":72,"column":29},"end":{"line":107,"column":5}}},"5":{"name":"(anonymous_6)","decl":{"start":{"line":109,"column":4},"end":{"line":109,"column":9}},"loc":{"start":{"line":109,"column":29},"end":{"line":112,"column":5}}}},"branchMap":{"0":{"loc":{"start":{"line":20,"column":8},"end":{"line":49,"column":9}},"type":"if","locations":[{"start":{"line":20,"column":8},"end":{"line":49,"column":9}}]},"1":{"loc":{"start":{"line":24,"column":12},"end":{"line":26,"column":13}},"type":"if","locations":[{"start":{"line":24,"column":12},"end":{"line":26,"column":13}}]},"2":{"loc":{"start":{"line":30,"column":12},"end":{"line":32,"column":13}},"type":"if","locations":[{"start":{"line":30,"column":12},"end":{"line":32,"column":13}}]},"3":{"loc":{"start":{"line":36,"column":12},"end":{"line":38,"column":13}},"type":"if","locations":[{"start":{"line":36,"column":12},"end":{"line":38,"column":13}}]},"4":{"loc":{"start":{"line":78,"column":8},"end":{"line":106,"column":9}},"type":"if","locations":[{"start":{"line":78,"column":8},"end":{"line":106,"column":9}}]},"5":{"loc":{"start":{"line":82,"column":12},"end":{"line":84,"column":13}},"type":"if","locations":[{"start":{"line":82,"column":12},"end":{"line":84,"column":13}}]},"6":{"loc":{"start":{"line":88,"column":12},"end":{"line":90,"column":13}},"type":"if","locations":[{"start":{"line":88,"column":12},"end":{"line":90,"column":13}}]},"7":{"loc":{"start":{"line":93,"column":12},"end":{"line":95,"column":13}},"type":"if","locations":[{"start":{"line":93,"column":12},"end":{"line":95,"column":13}}]}},"s":{"0":3,"1":3,"2":3,"3":3,"4":3,"5":3,"6":3,"7":3,"8":0,"9":0,"10":0,"11":0,"12":0,"13":0,"14":0,"15":0,"16":0,"17":0,"18":0,"19":0,"20":0,"21":0,"22":0,"23":1,"24":0,"25":0,"26":0,"27":0,"28":0,"29":0,"30":0,"31":0,"32":0,"33":0,"34":0,"35":0,"36":0,"37":0,"38":0,"39":0,"40":0,"41":0,"42":0,"43":0,"44":3},"f":{"0":0,"1":1,"2":0,"3":0,"4":0,"5":0},"b":{"0":[0],"1":[0],"2":[0],"3":[0],"4":[0],"5":[0],"6":[0],"7":[0]}}
,"C:\\Users\\Escudero\\Documents\\Projetos\\postech-fase2-projeto\\src\\database\\repository\\UserRepositoryInMongoDB.ts": {"path":"C:\\Users\\Escudero\\Documents\\Projetos\\postech-fase2-projeto\\src\\database\\repository\\UserRepositoryInMongoDB.ts","statementMap":{"0":{"start":{"line":2,"column":0},"end":{"line":2,"column":40}},"1":{"start":{"line":9,"column":32},"end":{"line":9,"column":40}},"2":{"start":{"line":10,"column":21},"end":{"line":14,"column":null}},"3":{"start":{"line":15,"column":24},"end":{"line":15,"column":47}},"4":{"start":{"line":16,"column":8},"end":{"line":16,"column":null}},"5":{"start":{"line":20,"column":8},"end":{"line":20,"column":null}},"6":{"start":{"line":24,"column":8},"end":{"line":24,"column":null}},"7":{"start":{"line":28,"column":27},"end":{"line":28,"column":73}},"8":{"start":{"line":29,"column":8},"end":{"line":29,"column":null}},"9":{"start":{"line":34,"column":19},"end":{"line":34,"column":32}},"10":{"start":{"line":35,"column":31},"end":{"line":35,"column":39}},"11":{"start":{"line":37,"column":21},"end":{"line":43,"column":null}},"12":{"start":{"line":44,"column":8},"end":{"line":44,"column":null}},"13":{"start":{"line":48,"column":19},"end":{"line":48,"column":32}},"14":{"start":{"line":49,"column":8},"end":{"line":49,"column":null}},"15":{"start":{"line":5,"column":0},"end":{"line":5,"column":13}}},"fnMap":{"0":{"name":"(anonymous_1)","decl":{"start":{"line":7,"column":4},"end":{"line":7,"column":9}},"loc":{"start":{"line":7,"column":49},"end":{"line":17,"column":5}}},"1":{"name":"(anonymous_2)","decl":{"start":{"line":19,"column":4},"end":{"line":19,"column":9}},"loc":{"start":{"line":19,"column":16},"end":{"line":21,"column":5}}},"2":{"name":"(anonymous_3)","decl":{"start":{"line":23,"column":4},"end":{"line":23,"column":9}},"loc":{"start":{"line":23,"column":28},"end":{"line":25,"column":5}}},"3":{"name":"(anonymous_4)","decl":{"start":{"line":27,"column":4},"end":{"line":27,"column":9}},"loc":{"start":{"line":27,"column":34},"end":{"line":30,"column":5}}},"4":{"name":"(anonymous_5)","decl":{"start":{"line":32,"column":4},"end":{"line":32,"column":9}},"loc":{"start":{"line":32,"column":51},"end":{"line":45,"column":5}}},"5":{"name":"(anonymous_6)","decl":{"start":{"line":47,"column":4},"end":{"line":47,"column":9}},"loc":{"start":{"line":47,"column":29},"end":{"line":50,"column":5}}}},"branchMap":{},"s":{"0":3,"1":1,"2":1,"3":1,"4":1,"5":1,"6":0,"7":1,"8":1,"9":0,"10":0,"11":0,"12":0,"13":0,"14":0,"15":3},"f":{"0":1,"1":1,"2":0,"3":1,"4":0,"5":0},"b":{}}
,"C:\\Users\\Escudero\\Documents\\Projetos\\postech-fase2-projeto\\src\\model\\discipline\\Discipline.ts": {"path":"C:\\Users\\Escudero\\Documents\\Projetos\\postech-fase2-projeto\\src\\model\\discipline\\Discipline.ts","statementMap":{"0":{"start":{"line":1,"column":0},"end":{"line":1,"column":41}},"1":{"start":{"line":9,"column":25},"end":{"line":13,"column":2}},"2":{"start":{"line":15,"column":0},"end":{"line":15,"column":null}}},"fnMap":{},"branchMap":{},"s":{"0":3,"1":3,"2":3},"f":{},"b":{}}
,"C:\\Users\\Escudero\\Documents\\Projetos\\postech-fase2-projeto\\src\\model\\post\\Post.ts": {"path":"C:\\Users\\Escudero\\Documents\\Projetos\\postech-fase2-projeto\\src\\model\\post\\Post.ts","statementMap":{"0":{"start":{"line":1,"column":0},"end":{"line":1,"column":31}},"1":{"start":{"line":3,"column":19},"end":{"line":10,"column":2}},"2":{"start":{"line":12,"column":0},"end":{"line":12,"column":null}}},"fnMap":{},"branchMap":{},"s":{"0":3,"1":3,"2":3},"f":{},"b":{}}
,"C:\\Users\\Escudero\\Documents\\Projetos\\postech-fase2-projeto\\src\\model\\user\\User.ts": {"path":"C:\\Users\\Escudero\\Documents\\Projetos\\postech-fase2-projeto\\src\\model\\user\\User.ts","statementMap":{"0":{"start":{"line":1,"column":0},"end":{"line":1,"column":31}},"1":{"start":{"line":3,"column":19},"end":{"line":10,"column":2}},"2":{"start":{"line":12,"column":0},"end":{"line":12,"column":null}}},"fnMap":{},"branchMap":{},"s":{"0":3,"1":3,"2":3},"f":{},"b":{}}
,"C:\\Users\\Escudero\\Documents\\Projetos\\postech-fase2-projeto\\src\\routes\\disciplineRoutes.ts": {"path":"C:\\Users\\Escudero\\Documents\\Projetos\\postech-fase2-projeto\\src\\routes\\disciplineRoutes.ts","statementMap":{"0":{"start":{"line":1,"column":0},"end":{"line":1,"column":52}},"1":{"start":{"line":2,"column":0},"end":{"line":2,"column":101}},"2":{"start":{"line":3,"column":0},"end":{"line":3,"column":60}},"3":{"start":{"line":4,"column":0},"end":{"line":4,"column":88}},"4":{"start":{"line":5,"column":0},"end":{"line":5,"column":97}},"5":{"start":{"line":6,"column":0},"end":{"line":6,"column":92}},"6":{"start":{"line":7,"column":0},"end":{"line":7,"column":101}},"7":{"start":{"line":8,"column":0},"end":{"line":8,"column":90}},"8":{"start":{"line":9,"column":0},"end":{"line":9,"column":99}},"9":{"start":{"line":10,"column":0},"end":{"line":10,"column":88}},"10":{"start":{"line":11,"column":0},"end":{"line":11,"column":97}},"11":{"start":{"line":12,"column":0},"end":{"line":12,"column":88}},"12":{"start":{"line":13,"column":0},"end":{"line":13,"column":97}},"13":{"start":{"line":15,"column":25},"end":{"line":15,"column":33}},"14":{"start":{"line":170,"column":9},"end":{"line":170,"column":25}},"15":{"start":{"line":16,"column":20},"end":{"line":16,"column":55}},"16":{"start":{"line":17,"column":21},"end":{"line":17,"column":39}},"17":{"start":{"line":19,"column":32},"end":{"line":19,"column":72}},"18":{"start":{"line":20,"column":35},"end":{"line":20,"column":90}},"19":{"start":{"line":22,"column":34},"end":{"line":22,"column":76}},"20":{"start":{"line":23,"column":37},"end":{"line":23,"column":96}},"21":{"start":{"line":25,"column":33},"end":{"line":25,"column":74}},"22":{"start":{"line":26,"column":36},"end":{"line":26,"column":93}},"23":{"start":{"line":28,"column":32},"end":{"line":28,"column":72}},"24":{"start":{"line":29,"column":35},"end":{"line":29,"column":90}},"25":{"start":{"line":31,"column":32},"end":{"line":31,"column":72}},"26":{"start":{"line":32,"column":35},"end":{"line":32,"column":90}},"27":{"start":{"line":67,"column":0},"end":{"line":69,"column":3}},"28":{"start":{"line":68,"column":4},"end":{"line":68,"column":58}},"29":{"start":{"line":81,"column":0},"end":{"line":83,"column":3}},"30":{"start":{"line":82,"column":4},"end":{"line":82,"column":62}},"31":{"start":{"line":104,"column":0},"end":{"line":106,"column":3}},"32":{"start":{"line":105,"column":4},"end":{"line":105,"column":60}},"33":{"start":{"line":141,"column":0},"end":{"line":143,"column":3}},"34":{"start":{"line":142,"column":4},"end":{"line":142,"column":58}},"35":{"start":{"line":166,"column":0},"end":{"line":168,"column":3}},"36":{"start":{"line":167,"column":4},"end":{"line":167,"column":58}}},"fnMap":{"0":{"name":"(anonymous_0)","decl":{"start":{"line":67,"column":64},"end":{"line":67,"column":65}},"loc":{"start":{"line":67,"column":96},"end":{"line":69,"column":1}}},"1":{"name":"(anonymous_1)","decl":{"start":{"line":81,"column":38},"end":{"line":81,"column":39}},"loc":{"start":{"line":81,"column":70},"end":{"line":83,"column":1}}},"2":{"name":"(anonymous_2)","decl":{"start":{"line":104,"column":42},"end":{"line":104,"column":43}},"loc":{"start":{"line":104,"column":74},"end":{"line":106,"column":1}}},"3":{"name":"(anonymous_3)","decl":{"start":{"line":141,"column":67},"end":{"line":141,"column":68}},"loc":{"start":{"line":141,"column":99},"end":{"line":143,"column":1}}},"4":{"name":"(anonymous_4)","decl":{"start":{"line":166,"column":70},"end":{"line":166,"column":71}},"loc":{"start":{"line":166,"column":102},"end":{"line":168,"column":1}}}},"branchMap":{},"s":{"0":3,"1":3,"2":3,"3":3,"4":3,"5":3,"6":3,"7":3,"8":3,"9":3,"10":3,"11":3,"12":3,"13":3,"14":3,"15":3,"16":3,"17":3,"18":3,"19":3,"20":3,"21":3,"22":3,"23":3,"24":3,"25":3,"26":3,"27":3,"28":0,"29":3,"30":1,"31":3,"32":0,"33":3,"34":0,"35":3,"36":0},"f":{"0":0,"1":1,"2":0,"3":0,"4":0},"b":{}}
,"C:\\Users\\Escudero\\Documents\\Projetos\\postech-fase2-projeto\\src\\routes\\postRoutes.ts": {"path":"C:\\Users\\Escudero\\Documents\\Projetos\\postech-fase2-projeto\\src\\routes\\postRoutes.ts","statementMap":{"0":{"start":{"line":1,"column":0},"end":{"line":1,"column":51}},"1":{"start":{"line":2,"column":0},"end":{"line":2,"column":59}},"2":{"start":{"line":3,"column":0},"end":{"line":3,"column":88}},"3":{"start":{"line":4,"column":0},"end":{"line":4,"column":69}},"4":{"start":{"line":5,"column":0},"end":{"line":5,"column":78}},"5":{"start":{"line":6,"column":0},"end":{"line":6,"column":71}},"6":{"start":{"line":7,"column":0},"end":{"line":7,"column":80}},"7":{"start":{"line":8,"column":0},"end":{"line":8,"column":71}},"8":{"start":{"line":9,"column":0},"end":{"line":9,"column":80}},"9":{"start":{"line":10,"column":0},"end":{"line":10,"column":75}},"10":{"start":{"line":11,"column":0},"end":{"line":11,"column":84}},"11":{"start":{"line":12,"column":0},"end":{"line":12,"column":69}},"12":{"start":{"line":13,"column":0},"end":{"line":13,"column":78}},"13":{"start":{"line":14,"column":0},"end":{"line":14,"column":69}},"14":{"start":{"line":15,"column":0},"end":{"line":15,"column":78}},"15":{"start":{"line":17,"column":19},"end":{"line":17,"column":27}},"16":{"start":{"line":236,"column":9},"end":{"line":236,"column":19}},"17":{"start":{"line":18,"column":20},"end":{"line":18,"column":49}},"18":{"start":{"line":19,"column":21},"end":{"line":19,"column":39}},"19":{"start":{"line":21,"column":26},"end":{"line":21,"column":60}},"20":{"start":{"line":22,"column":29},"end":{"line":22,"column":72}},"21":{"start":{"line":24,"column":27},"end":{"line":24,"column":62}},"22":{"start":{"line":25,"column":30},"end":{"line":25,"column":75}},"23":{"start":{"line":27,"column":27},"end":{"line":27,"column":62}},"24":{"start":{"line":28,"column":30},"end":{"line":28,"column":75}},"25":{"start":{"line":30,"column":29},"end":{"line":30,"column":66}},"26":{"start":{"line":31,"column":32},"end":{"line":31,"column":81}},"27":{"start":{"line":33,"column":26},"end":{"line":33,"column":60}},"28":{"start":{"line":34,"column":29},"end":{"line":34,"column":72}},"29":{"start":{"line":36,"column":26},"end":{"line":36,"column":60}},"30":{"start":{"line":37,"column":29},"end":{"line":37,"column":72}},"31":{"start":{"line":69,"column":0},"end":{"line":71,"column":null}},"32":{"start":{"line":70,"column":4},"end":{"line":70,"column":null}},"33":{"start":{"line":90,"column":0},"end":{"line":92,"column":null}},"34":{"start":{"line":91,"column":4},"end":{"line":91,"column":null}},"35":{"start":{"line":113,"column":0},"end":{"line":115,"column":null}},"36":{"start":{"line":114,"column":4},"end":{"line":114,"column":null}},"37":{"start":{"line":140,"column":0},"end":{"line":142,"column":null}},"38":{"start":{"line":141,"column":4},"end":{"line":141,"column":null}},"39":{"start":{"line":180,"column":0},"end":{"line":182,"column":null}},"40":{"start":{"line":181,"column":4},"end":{"line":181,"column":null}},"41":{"start":{"line":205,"column":0},"end":{"line":207,"column":null}},"42":{"start":{"line":206,"column":4},"end":{"line":206,"column":null}},"43":{"start":{"line":232,"column":0},"end":{"line":234,"column":null}},"44":{"start":{"line":233,"column":4},"end":{"line":233,"column":null}}},"fnMap":{"0":{"name":"(anonymous_0)","decl":{"start":{"line":69,"column":51},"end":{"line":69,"column":52}},"loc":{"start":{"line":69,"column":83},"end":{"line":71,"column":1}}},"1":{"name":"(anonymous_1)","decl":{"start":{"line":90,"column":25},"end":{"line":90,"column":26}},"loc":{"start":{"line":90,"column":57},"end":{"line":92,"column":1}}},"2":{"name":"(anonymous_2)","decl":{"start":{"line":113,"column":56},"end":{"line":113,"column":57}},"loc":{"start":{"line":113,"column":88},"end":{"line":115,"column":1}}},"3":{"name":"(anonymous_3)","decl":{"start":{"line":140,"column":29},"end":{"line":140,"column":30}},"loc":{"start":{"line":140,"column":61},"end":{"line":142,"column":1}}},"4":{"name":"(anonymous_4)","decl":{"start":{"line":180,"column":54},"end":{"line":180,"column":55}},"loc":{"start":{"line":180,"column":86},"end":{"line":182,"column":1}}},"5":{"name":"(anonymous_5)","decl":{"start":{"line":205,"column":57},"end":{"line":205,"column":58}},"loc":{"start":{"line":205,"column":89},"end":{"line":207,"column":1}}},"6":{"name":"(anonymous_6)","decl":{"start":{"line":232,"column":41},"end":{"line":232,"column":42}},"loc":{"start":{"line":232,"column":73},"end":{"line":234,"column":1}}}},"branchMap":{},"s":{"0":3,"1":3,"2":3,"3":3,"4":3,"5":3,"6":3,"7":3,"8":3,"9":3,"10":3,"11":3,"12":3,"13":3,"14":3,"15":3,"16":3,"17":3,"18":3,"19":3,"20":3,"21":3,"22":3,"23":3,"24":3,"25":3,"26":3,"27":3,"28":3,"29":3,"30":3,"31":3,"32":0,"33":3,"34":1,"35":3,"36":0,"37":3,"38":0,"39":3,"40":0,"41":3,"42":0,"43":3,"44":0},"f":{"0":0,"1":1,"2":0,"3":0,"4":0,"5":0,"6":0},"b":{}}
,"C:\\Users\\Escudero\\Documents\\Projetos\\postech-fase2-projeto\\src\\routes\\userRoutes.ts": {"path":"C:\\Users\\Escudero\\Documents\\Projetos\\postech-fase2-projeto\\src\\routes\\userRoutes.ts","statementMap":{"0":{"start":{"line":1,"column":0},"end":{"line":1,"column":51}},"1":{"start":{"line":2,"column":0},"end":{"line":2,"column":88}},"2":{"start":{"line":3,"column":0},"end":{"line":3,"column":58}},"3":{"start":{"line":4,"column":0},"end":{"line":4,"column":59}},"4":{"start":{"line":5,"column":0},"end":{"line":5,"column":69}},"5":{"start":{"line":6,"column":0},"end":{"line":6,"column":78}},"6":{"start":{"line":7,"column":0},"end":{"line":7,"column":71}},"7":{"start":{"line":8,"column":0},"end":{"line":8,"column":80}},"8":{"start":{"line":9,"column":0},"end":{"line":9,"column":71}},"9":{"start":{"line":10,"column":0},"end":{"line":10,"column":80}},"10":{"start":{"line":11,"column":0},"end":{"line":11,"column":69}},"11":{"start":{"line":12,"column":0},"end":{"line":12,"column":78}},"12":{"start":{"line":13,"column":0},"end":{"line":13,"column":69}},"13":{"start":{"line":14,"column":0},"end":{"line":14,"column":78}},"14":{"start":{"line":16,"column":19},"end":{"line":16,"column":27}},"15":{"start":{"line":198,"column":8},"end":{"line":198,"column":18}},"16":{"start":{"line":17,"column":20},"end":{"line":17,"column":49}},"17":{"start":{"line":18,"column":21},"end":{"line":18,"column":39}},"18":{"start":{"line":20,"column":26},"end":{"line":20,"column":60}},"19":{"start":{"line":21,"column":29},"end":{"line":21,"column":72}},"20":{"start":{"line":23,"column":27},"end":{"line":23,"column":62}},"21":{"start":{"line":24,"column":30},"end":{"line":24,"column":75}},"22":{"start":{"line":26,"column":27},"end":{"line":26,"column":62}},"23":{"start":{"line":27,"column":30},"end":{"line":27,"column":75}},"24":{"start":{"line":29,"column":26},"end":{"line":29,"column":60}},"25":{"start":{"line":30,"column":29},"end":{"line":30,"column":72}},"26":{"start":{"line":32,"column":26},"end":{"line":32,"column":60}},"27":{"start":{"line":33,"column":29},"end":{"line":33,"column":72}},"28":{"start":{"line":59,"column":0},"end":{"line":59,"column":null}},"29":{"start":{"line":87,"column":0},"end":{"line":89,"column":null}},"30":{"start":{"line":88,"column":4},"end":{"line":88,"column":null}},"31":{"start":{"line":108,"column":0},"end":{"line":110,"column":null}},"32":{"start":{"line":109,"column":4},"end":{"line":109,"column":null}},"33":{"start":{"line":135,"column":0},"end":{"line":137,"column":null}},"34":{"start":{"line":136,"column":4},"end":{"line":136,"column":null}},"35":{"start":{"line":171,"column":0},"end":{"line":173,"column":null}},"36":{"start":{"line":172,"column":4},"end":{"line":172,"column":null}},"37":{"start":{"line":194,"column":0},"end":{"line":196,"column":null}},"38":{"start":{"line":195,"column":4},"end":{"line":195,"column":null}}},"fnMap":{"0":{"name":"(anonymous_0)","decl":{"start":{"line":87,"column":26},"end":{"line":87,"column":27}},"loc":{"start":{"line":87,"column":58},"end":{"line":89,"column":1}}},"1":{"name":"(anonymous_1)","decl":{"start":{"line":108,"column":25},"end":{"line":108,"column":26}},"loc":{"start":{"line":108,"column":57},"end":{"line":110,"column":1}}},"2":{"name":"(anonymous_2)","decl":{"start":{"line":135,"column":29},"end":{"line":135,"column":30}},"loc":{"start":{"line":135,"column":61},"end":{"line":137,"column":1}}},"3":{"name":"(anonymous_3)","decl":{"start":{"line":171,"column":54},"end":{"line":171,"column":55}},"loc":{"start":{"line":171,"column":86},"end":{"line":173,"column":1}}},"4":{"name":"(anonymous_4)","decl":{"start":{"line":194,"column":57},"end":{"line":194,"column":58}},"loc":{"start":{"line":194,"column":89},"end":{"line":196,"column":1}}}},"branchMap":{},"s":{"0":3,"1":3,"2":3,"3":3,"4":3,"5":3,"6":3,"7":3,"8":3,"9":3,"10":3,"11":3,"12":3,"13":3,"14":3,"15":3,"16":3,"17":3,"18":3,"19":3,"20":3,"21":3,"22":3,"23":3,"24":3,"25":3,"26":3,"27":3,"28":3,"29":3,"30":1,"31":3,"32":1,"33":3,"34":0,"35":3,"36":0,"37":3,"38":0},"f":{"0":1,"1":1,"2":0,"3":0,"4":0},"b":{}}
,"C:\\Users\\Escudero\\Documents\\Projetos\\postech-fase2-projeto\\src\\service\\Discipline\\CreateDisciplineService.ts": {"path":"C:\\Users\\Escudero\\Documents\\Projetos\\postech-fase2-projeto\\src\\service\\Discipline\\CreateDisciplineService.ts","statementMap":{"0":{"start":{"line":6,"column":25},"end":{"line":6,"column":57}},"1":{"start":{"line":11,"column":26},"end":{"line":11,"column":34}},"2":{"start":{"line":15,"column":8},"end":{"line":17,"column":9}},"3":{"start":{"line":16,"column":12},"end":{"line":16,"column":null}},"4":{"start":{"line":20,"column":30},"end":{"line":20,"column":61}},"5":{"start":{"line":21,"column":8},"end":{"line":21,"column":29}},"6":{"start":{"line":4,"column":0},"end":{"line":4,"column":13}}},"fnMap":{"0":{"name":"(anonymous_0)","decl":{"start":{"line":6,"column":4},"end":{"line":6,"column":25}},"loc":{"start":{"line":6,"column":57},"end":{"line":7,"column":5}}},"1":{"name":"(anonymous_1)","decl":{"start":{"line":9,"column":4},"end":{"line":9,"column":9}},"loc":{"start":{"line":9,"column":45},"end":{"line":22,"column":5}}}},"branchMap":{"0":{"loc":{"start":{"line":15,"column":8},"end":{"line":17,"column":9}},"type":"if","locations":[{"start":{"line":15,"column":8},"end":{"line":17,"column":9}}]}},"s":{"0":3,"1":0,"2":0,"3":0,"4":0,"5":0,"6":3},"f":{"0":3,"1":0},"b":{"0":[0]}}
,"C:\\Users\\Escudero\\Documents\\Projetos\\postech-fase2-projeto\\src\\service\\Discipline\\DeleteDisciplineService.ts": {"path":"C:\\Users\\Escudero\\Documents\\Projetos\\postech-fase2-projeto\\src\\service\\Discipline\\DeleteDisciplineService.ts","statementMap":{"0":{"start":{"line":6,"column":25},"end":{"line":6,"column":57}},"1":{"start":{"line":10,"column":8},"end":{"line":10,"column":null}},"2":{"start":{"line":4,"column":0},"end":{"line":4,"column":13}}},"fnMap":{"0":{"name":"(anonymous_0)","decl":{"start":{"line":6,"column":4},"end":{"line":6,"column":25}},"loc":{"start":{"line":6,"column":57},"end":{"line":7,"column":5}}},"1":{"name":"(anonymous_1)","decl":{"start":{"line":9,"column":4},"end":{"line":9,"column":9}},"loc":{"start":{"line":9,"column":30},"end":{"line":11,"column":5}}}},"branchMap":{},"s":{"0":3,"1":0,"2":3},"f":{"0":3,"1":0},"b":{}}
,"C:\\Users\\Escudero\\Documents\\Projetos\\postech-fase2-projeto\\src\\service\\Discipline\\GetAllDiscipliniesService.ts": {"path":"C:\\Users\\Escudero\\Documents\\Projetos\\postech-fase2-projeto\\src\\service\\Discipline\\GetAllDiscipliniesService.ts","statementMap":{"0":{"start":{"line":6,"column":25},"end":{"line":6,"column":57}},"1":{"start":{"line":10,"column":8},"end":{"line":10,"column":null}},"2":{"start":{"line":4,"column":0},"end":{"line":4,"column":13}}},"fnMap":{"0":{"name":"(anonymous_0)","decl":{"start":{"line":6,"column":4},"end":{"line":6,"column":25}},"loc":{"start":{"line":6,"column":57},"end":{"line":7,"column":5}}},"1":{"name":"(anonymous_1)","decl":{"start":{"line":9,"column":4},"end":{"line":9,"column":9}},"loc":{"start":{"line":9,"column":30},"end":{"line":11,"column":5}}}},"branchMap":{},"s":{"0":3,"1":1,"2":3},"f":{"0":3,"1":1},"b":{}}
,"C:\\Users\\Escudero\\Documents\\Projetos\\postech-fase2-projeto\\src\\service\\Discipline\\GetDisciplineByIdService.ts": {"path":"C:\\Users\\Escudero\\Documents\\Projetos\\postech-fase2-projeto\\src\\service\\Discipline\\GetDisciplineByIdService.ts","statementMap":{"0":{"start":{"line":6,"column":25},"end":{"line":6,"column":57}},"1":{"start":{"line":10,"column":19},"end":{"line":10,"column":32}},"2":{"start":{"line":11,"column":8},"end":{"line":11,"column":null}},"3":{"start":{"line":4,"column":0},"end":{"line":4,"column":13}}},"fnMap":{"0":{"name":"(anonymous_0)","decl":{"start":{"line":6,"column":4},"end":{"line":6,"column":25}},"loc":{"start":{"line":6,"column":57},"end":{"line":7,"column":5}}},"1":{"name":"(anonymous_1)","decl":{"start":{"line":9,"column":4},"end":{"line":9,"column":9}},"loc":{"start":{"line":9,"column":30},"end":{"line":12,"column":5}}}},"branchMap":{},"s":{"0":3,"1":0,"2":0,"3":3},"f":{"0":3,"1":0},"b":{}}
,"C:\\Users\\Escudero\\Documents\\Projetos\\postech-fase2-projeto\\src\\service\\Discipline\\UpdateDisciplineService.ts": {"path":"C:\\Users\\Escudero\\Documents\\Projetos\\postech-fase2-projeto\\src\\service\\Discipline\\UpdateDisciplineService.ts","statementMap":{"0":{"start":{"line":3,"column":0},"end":{"line":3,"column":58}},"1":{"start":{"line":7,"column":25},"end":{"line":7,"column":57}},"2":{"start":{"line":12,"column":19},"end":{"line":12,"column":32}},"3":{"start":{"line":14,"column":27},"end":{"line":14,"column":63}},"4":{"start":{"line":16,"column":8},"end":{"line":18,"column":9}},"5":{"start":{"line":17,"column":12},"end":{"line":17,"column":null}},"6":{"start":{"line":20,"column":8},"end":{"line":20,"column":null}},"7":{"start":{"line":21,"column":8},"end":{"line":21,"column":null}},"8":{"start":{"line":5,"column":0},"end":{"line":5,"column":13}}},"fnMap":{"0":{"name":"(anonymous_1)","decl":{"start":{"line":7,"column":4},"end":{"line":7,"column":25}},"loc":{"start":{"line":7,"column":57},"end":{"line":8,"column":5}}},"1":{"name":"(anonymous_2)","decl":{"start":{"line":10,"column":4},"end":{"line":10,"column":9}},"loc":{"start":{"line":10,"column":30},"end":{"line":22,"column":5}}}},"branchMap":{"0":{"loc":{"start":{"line":16,"column":8},"end":{"line":18,"column":9}},"type":"if","locations":[{"start":{"line":16,"column":8},"end":{"line":18,"column":9}}]}},"s":{"0":3,"1":3,"2":0,"3":0,"4":0,"5":0,"6":0,"7":0,"8":3},"f":{"0":3,"1":0},"b":{"0":[0]}}
,"C:\\Users\\Escudero\\Documents\\Projetos\\postech-fase2-projeto\\src\\service\\Post\\CreatePostService.ts": {"path":"C:\\Users\\Escudero\\Documents\\Projetos\\postech-fase2-projeto\\src\\service\\Post\\CreatePostService.ts","statementMap":{"0":{"start":{"line":7,"column":25},"end":{"line":7,"column":60}},"1":{"start":{"line":12,"column":51},"end":{"line":12,"column":59}},"2":{"start":{"line":14,"column":8},"end":{"line":14,"column":null}},"3":{"start":{"line":5,"column":0},"end":{"line":5,"column":13}}},"fnMap":{"0":{"name":"(anonymous_0)","decl":{"start":{"line":7,"column":4},"end":{"line":7,"column":25}},"loc":{"start":{"line":7,"column":60},"end":{"line":8,"column":5}}},"1":{"name":"(anonymous_1)","decl":{"start":{"line":10,"column":4},"end":{"line":10,"column":9}},"loc":{"start":{"line":10,"column":45},"end":{"line":15,"column":5}}}},"branchMap":{},"s":{"0":3,"1":0,"2":0,"3":3},"f":{"0":3,"1":0},"b":{}}
,"C:\\Users\\Escudero\\Documents\\Projetos\\postech-fase2-projeto\\src\\service\\Post\\DeletePostService.ts": {"path":"C:\\Users\\Escudero\\Documents\\Projetos\\postech-fase2-projeto\\src\\service\\Post\\DeletePostService.ts","statementMap":{"0":{"start":{"line":5,"column":25},"end":{"line":5,"column":60}},"1":{"start":{"line":9,"column":8},"end":{"line":9,"column":null}},"2":{"start":{"line":4,"column":0},"end":{"line":4,"column":13}}},"fnMap":{"0":{"name":"(anonymous_0)","decl":{"start":{"line":5,"column":4},"end":{"line":5,"column":25}},"loc":{"start":{"line":5,"column":60},"end":{"line":6,"column":5}}},"1":{"name":"(anonymous_1)","decl":{"start":{"line":8,"column":4},"end":{"line":8,"column":9}},"loc":{"start":{"line":8,"column":30},"end":{"line":10,"column":5}}}},"branchMap":{},"s":{"0":3,"1":0,"2":3},"f":{"0":3,"1":0},"b":{}}
,"C:\\Users\\Escudero\\Documents\\Projetos\\postech-fase2-projeto\\src\\service\\Post\\GetAllPostsService.ts": {"path":"C:\\Users\\Escudero\\Documents\\Projetos\\postech-fase2-projeto\\src\\service\\Post\\GetAllPostsService.ts","statementMap":{"0":{"start":{"line":5,"column":25},"end":{"line":5,"column":60}},"1":{"start":{"line":9,"column":8},"end":{"line":9,"column":null}},"2":{"start":{"line":4,"column":0},"end":{"line":4,"column":13}}},"fnMap":{"0":{"name":"(anonymous_0)","decl":{"start":{"line":5,"column":4},"end":{"line":5,"column":25}},"loc":{"start":{"line":5,"column":60},"end":{"line":6,"column":5}}},"1":{"name":"(anonymous_1)","decl":{"start":{"line":8,"column":4},"end":{"line":8,"column":9}},"loc":{"start":{"line":8,"column":30},"end":{"line":10,"column":5}}}},"branchMap":{},"s":{"0":3,"1":1,"2":3},"f":{"0":3,"1":1},"b":{}}
,"C:\\Users\\Escudero\\Documents\\Projetos\\postech-fase2-projeto\\src\\service\\Post\\GetPostByIdService.ts": {"path":"C:\\Users\\Escudero\\Documents\\Projetos\\postech-fase2-projeto\\src\\service\\Post\\GetPostByIdService.ts","statementMap":{"0":{"start":{"line":5,"column":25},"end":{"line":5,"column":60}},"1":{"start":{"line":9,"column":19},"end":{"line":9,"column":32}},"2":{"start":{"line":10,"column":8},"end":{"line":10,"column":null}},"3":{"start":{"line":4,"column":0},"end":{"line":4,"column":13}}},"fnMap":{"0":{"name":"(anonymous_0)","decl":{"start":{"line":5,"column":4},"end":{"line":5,"column":25}},"loc":{"start":{"line":5,"column":60},"end":{"line":6,"column":5}}},"1":{"name":"(anonymous_1)","decl":{"start":{"line":8,"column":4},"end":{"line":8,"column":9}},"loc":{"start":{"line":8,"column":30},"end":{"line":11,"column":5}}}},"branchMap":{},"s":{"0":3,"1":0,"2":0,"3":3},"f":{"0":3,"1":0},"b":{}}
,"C:\\Users\\Escudero\\Documents\\Projetos\\postech-fase2-projeto\\src\\service\\Post\\GetPostByTextService.ts": {"path":"C:\\Users\\Escudero\\Documents\\Projetos\\postech-fase2-projeto\\src\\service\\Post\\GetPostByTextService.ts","statementMap":{"0":{"start":{"line":4,"column":25},"end":{"line":4,"column":60}},"1":{"start":{"line":9,"column":22},"end":{"line":9,"column":46}},"2":{"start":{"line":10,"column":22},"end":{"line":10,"column":60}},"3":{"start":{"line":11,"column":8},"end":{"line":11,"column":null}},"4":{"start":{"line":3,"column":0},"end":{"line":3,"column":13}}},"fnMap":{"0":{"name":"(anonymous_0)","decl":{"start":{"line":4,"column":4},"end":{"line":4,"column":25}},"loc":{"start":{"line":4,"column":60},"end":{"line":5,"column":5}}},"1":{"name":"(anonymous_1)","decl":{"start":{"line":7,"column":4},"end":{"line":7,"column":9}},"loc":{"start":{"line":7,"column":33},"end":{"line":12,"column":5}}}},"branchMap":{},"s":{"0":3,"1":0,"2":0,"3":0,"4":3},"f":{"0":3,"1":0},"b":{}}
,"C:\\Users\\Escudero\\Documents\\Projetos\\postech-fase2-projeto\\src\\service\\Post\\UpdatePostService.ts": {"path":"C:\\Users\\Escudero\\Documents\\Projetos\\postech-fase2-projeto\\src\\service\\Post\\UpdatePostService.ts","statementMap":{"0":{"start":{"line":3,"column":0},"end":{"line":3,"column":40}},"1":{"start":{"line":6,"column":25},"end":{"line":6,"column":60}},"2":{"start":{"line":11,"column":19},"end":{"line":11,"column":32}},"3":{"start":{"line":12,"column":31},"end":{"line":12,"column":50}},"4":{"start":{"line":14,"column":21},"end":{"line":14,"column":51}},"5":{"start":{"line":16,"column":8},"end":{"line":18,"column":9}},"6":{"start":{"line":17,"column":12},"end":{"line":17,"column":null}},"7":{"start":{"line":20,"column":8},"end":{"line":20,"column":null}},"8":{"start":{"line":21,"column":8},"end":{"line":21,"column":null}},"9":{"start":{"line":5,"column":0},"end":{"line":5,"column":13}}},"fnMap":{"0":{"name":"(anonymous_1)","decl":{"start":{"line":6,"column":4},"end":{"line":6,"column":25}},"loc":{"start":{"line":6,"column":60},"end":{"line":7,"column":5}}},"1":{"name":"(anonymous_2)","decl":{"start":{"line":9,"column":4},"end":{"line":9,"column":9}},"loc":{"start":{"line":9,"column":30},"end":{"line":22,"column":5}}}},"branchMap":{"0":{"loc":{"start":{"line":16,"column":8},"end":{"line":18,"column":9}},"type":"if","locations":[{"start":{"line":16,"column":8},"end":{"line":18,"column":9}}]}},"s":{"0":3,"1":3,"2":0,"3":0,"4":0,"5":0,"6":0,"7":0,"8":0,"9":3},"f":{"0":3,"1":0},"b":{"0":[0]}}
,"C:\\Users\\Escudero\\Documents\\Projetos\\postech-fase2-projeto\\src\\service\\User\\CreateUserService.ts": {"path":"C:\\Users\\Escudero\\Documents\\Projetos\\postech-fase2-projeto\\src\\service\\User\\CreateUserService.ts","statementMap":{"0":{"start":{"line":3,"column":0},"end":{"line":3,"column":27}},"1":{"start":{"line":7,"column":25},"end":{"line":7,"column":60}},"2":{"start":{"line":12,"column":58},"end":{"line":12,"column":66}},"3":{"start":{"line":17,"column":8},"end":{"line":19,"column":9}},"4":{"start":{"line":18,"column":12},"end":{"line":18,"column":null}},"5":{"start":{"line":20,"column":8},"end":{"line":22,"column":9}},"6":{"start":{"line":21,"column":12},"end":{"line":21,"column":null}},"7":{"start":{"line":23,"column":8},"end":{"line":25,"column":9}},"8":{"start":{"line":24,"column":12},"end":{"line":24,"column":null}},"9":{"start":{"line":26,"column":8},"end":{"line":28,"column":9}},"10":{"start":{"line":27,"column":12},"end":{"line":27,"column":null}},"11":{"start":{"line":31,"column":27},"end":{"line":31,"column":66}},"12":{"start":{"line":33,"column":8},"end":{"line":35,"column":9}},"13":{"start":{"line":34,"column":12},"end":{"line":34,"column":null}},"14":{"start":{"line":38,"column":21},"end":{"line":38,"column":45}},"15":{"start":{"line":39,"column":29},"end":{"line":39,"column":62}},"16":{"start":{"line":40,"column":8},"end":{"line":40,"column":null}},"17":{"start":{"line":5,"column":0},"end":{"line":5,"column":13}}},"fnMap":{"0":{"name":"(anonymous_1)","decl":{"start":{"line":7,"column":4},"end":{"line":7,"column":25}},"loc":{"start":{"line":7,"column":60},"end":{"line":8,"column":5}}},"1":{"name":"(anonymous_2)","decl":{"start":{"line":10,"column":4},"end":{"line":10,"column":9}},"loc":{"start":{"line":10,"column":45},"end":{"line":42,"column":5}}}},"branchMap":{"0":{"loc":{"start":{"line":17,"column":8},"end":{"line":19,"column":9}},"type":"if","locations":[{"start":{"line":17,"column":8},"end":{"line":19,"column":9}}]},"1":{"loc":{"start":{"line":20,"column":8},"end":{"line":22,"column":9}},"type":"if","locations":[{"start":{"line":20,"column":8},"end":{"line":22,"column":9}}]},"2":{"loc":{"start":{"line":23,"column":8},"end":{"line":25,"column":9}},"type":"if","locations":[{"start":{"line":23,"column":8},"end":{"line":25,"column":9}}]},"3":{"loc":{"start":{"line":26,"column":8},"end":{"line":28,"column":9}},"type":"if","locations":[{"start":{"line":26,"column":8},"end":{"line":28,"column":9}}]},"4":{"loc":{"start":{"line":33,"column":8},"end":{"line":35,"column":9}},"type":"if","locations":[{"start":{"line":33,"column":8},"end":{"line":35,"column":9}}]}},"s":{"0":3,"1":3,"2":1,"3":1,"4":0,"5":1,"6":0,"7":1,"8":0,"9":1,"10":0,"11":1,"12":1,"13":0,"14":1,"15":1,"16":1,"17":3},"f":{"0":3,"1":1},"b":{"0":[0],"1":[0],"2":[0],"3":[0],"4":[0]}}
,"C:\\Users\\Escudero\\Documents\\Projetos\\postech-fase2-projeto\\src\\service\\User\\DeleteUserService.ts": {"path":"C:\\Users\\Escudero\\Documents\\Projetos\\postech-fase2-projeto\\src\\service\\User\\DeleteUserService.ts","statementMap":{"0":{"start":{"line":6,"column":25},"end":{"line":6,"column":60}},"1":{"start":{"line":10,"column":8},"end":{"line":10,"column":null}},"2":{"start":{"line":4,"column":0},"end":{"line":4,"column":13}}},"fnMap":{"0":{"name":"(anonymous_0)","decl":{"start":{"line":6,"column":4},"end":{"line":6,"column":25}},"loc":{"start":{"line":6,"column":60},"end":{"line":7,"column":5}}},"1":{"name":"(anonymous_1)","decl":{"start":{"line":9,"column":4},"end":{"line":9,"column":9}},"loc":{"start":{"line":9,"column":30},"end":{"line":11,"column":5}}}},"branchMap":{},"s":{"0":3,"1":0,"2":3},"f":{"0":3,"1":0},"b":{}}
,"C:\\Users\\Escudero\\Documents\\Projetos\\postech-fase2-projeto\\src\\service\\User\\GetAllUsersService.ts": {"path":"C:\\Users\\Escudero\\Documents\\Projetos\\postech-fase2-projeto\\src\\service\\User\\GetAllUsersService.ts","statementMap":{"0":{"start":{"line":6,"column":25},"end":{"line":6,"column":60}},"1":{"start":{"line":10,"column":8},"end":{"line":10,"column":null}},"2":{"start":{"line":4,"column":0},"end":{"line":4,"column":13}}},"fnMap":{"0":{"name":"(anonymous_0)","decl":{"start":{"line":6,"column":4},"end":{"line":6,"column":25}},"loc":{"start":{"line":6,"column":60},"end":{"line":7,"column":5}}},"1":{"name":"(anonymous_1)","decl":{"start":{"line":9,"column":4},"end":{"line":9,"column":9}},"loc":{"start":{"line":9,"column":30},"end":{"line":11,"column":5}}}},"branchMap":{},"s":{"0":3,"1":1,"2":3},"f":{"0":3,"1":1},"b":{}}
,"C:\\Users\\Escudero\\Documents\\Projetos\\postech-fase2-projeto\\src\\service\\User\\GetUserByIdService.ts": {"path":"C:\\Users\\Escudero\\Documents\\Projetos\\postech-fase2-projeto\\src\\service\\User\\GetUserByIdService.ts","statementMap":{"0":{"start":{"line":6,"column":25},"end":{"line":6,"column":60}},"1":{"start":{"line":10,"column":8},"end":{"line":10,"column":null}},"2":{"start":{"line":4,"column":0},"end":{"line":4,"column":13}}},"fnMap":{"0":{"name":"(anonymous_0)","decl":{"start":{"line":6,"column":4},"end":{"line":6,"column":25}},"loc":{"start":{"line":6,"column":60},"end":{"line":7,"column":5}}},"1":{"name":"(anonymous_1)","decl":{"start":{"line":9,"column":4},"end":{"line":9,"column":9}},"loc":{"start":{"line":9,"column":28},"end":{"line":11,"column":5}}}},"branchMap":{},"s":{"0":6,"1":0,"2":3},"f":{"0":6,"1":0},"b":{}}
,"C:\\Users\\Escudero\\Documents\\Projetos\\postech-fase2-projeto\\src\\service\\User\\LoginService.ts": {"path":"C:\\Users\\Escudero\\Documents\\Projetos\\postech-fase2-projeto\\src\\service\\User\\LoginService.ts","statementMap":{"0":{"start":{"line":2,"column":0},"end":{"line":2,"column":30}},"1":{"start":{"line":3,"column":0},"end":{"line":3,"column":27}},"2":{"start":{"line":4,"column":0},"end":{"line":4,"column":22}},"3":{"start":{"line":5,"column":0},"end":{"line":5,"column":91}},"4":{"start":{"line":15,"column":31},"end":{"line":15,"column":60}},"5":{"start":{"line":16,"column":36},"end":{"line":16,"column":44}},"6":{"start":{"line":19,"column":21},"end":{"line":19,"column":59}},"7":{"start":{"line":20,"column":8},"end":{"line":22,"column":9}},"8":{"start":{"line":21,"column":12},"end":{"line":21,"column":null}},"9":{"start":{"line":25,"column":30},"end":{"line":25,"column":75}},"10":{"start":{"line":26,"column":8},"end":{"line":28,"column":9}},"11":{"start":{"line":27,"column":12},"end":{"line":27,"column":54}},"12":{"start":{"line":31,"column":23},"end":{"line":31,"column":41}},"13":{"start":{"line":32,"column":22},"end":{"line":32,"column":78}},"14":{"start":{"line":33,"column":8},"end":{"line":36,"column":null}},"15":{"start":{"line":40,"column":28},"end":{"line":40,"column":56}},"16":{"start":{"line":41,"column":22},"end":{"line":41,"column":62}},"17":{"start":{"line":43,"column":8},"end":{"line":45,"column":9}},"18":{"start":{"line":44,"column":12},"end":{"line":44,"column":null}},"19":{"start":{"line":47,"column":8},"end":{"line":53,"column":9}},"20":{"start":{"line":48,"column":27},"end":{"line":48,"column":45}},"21":{"start":{"line":49,"column":12},"end":{"line":49,"column":null}},"22":{"start":{"line":50,"column":12},"end":{"line":50,"column":null}},"23":{"start":{"line":52,"column":12},"end":{"line":52,"column":null}},"24":{"start":{"line":58,"column":23},"end":{"line":58,"column":41}},"25":{"start":{"line":60,"column":8},"end":{"line":62,"column":9}},"26":{"start":{"line":61,"column":10},"end":{"line":61,"column":68}},"27":{"start":{"line":64,"column":8},"end":{"line":66,"column":9}},"28":{"start":{"line":65,"column":12},"end":{"line":65,"column":67}},"29":{"start":{"line":68,"column":22},"end":{"line":68,"column":44}},"30":{"start":{"line":70,"column":8},"end":{"line":77,"column":9}},"31":{"start":{"line":71,"column":26},"end":{"line":71,"column":69}},"32":{"start":{"line":72,"column":25},"end":{"line":72,"column":35}},"33":{"start":{"line":73,"column":10},"end":{"line":73,"column":24}},"34":{"start":{"line":75,"column":10},"end":{"line":75,"column":67}},"35":{"start":{"line":76,"column":10},"end":{"line":76,"column":22}},"36":{"start":{"line":11,"column":0},"end":{"line":11,"column":13}}},"fnMap":{"0":{"name":"(anonymous_1)","decl":{"start":{"line":13,"column":4},"end":{"line":13,"column":9}},"loc":{"start":{"line":13,"column":45},"end":{"line":37,"column":5}}},"1":{"name":"(anonymous_2)","decl":{"start":{"line":39,"column":4},"end":{"line":39,"column":9}},"loc":{"start":{"line":39,"column":64},"end":{"line":54,"column":5}}},"2":{"name":"(anonymous_3)","decl":{"start":{"line":56,"column":4},"end":{"line":56,"column":22}},"loc":{"start":{"line":56,"column":44},"end":{"line":78,"column":5}}}},"branchMap":{"0":{"loc":{"start":{"line":20,"column":8},"end":{"line":22,"column":9}},"type":"if","locations":[{"start":{"line":20,"column":8},"end":{"line":22,"column":9}}]},"1":{"loc":{"start":{"line":26,"column":8},"end":{"line":28,"column":9}},"type":"if","locations":[{"start":{"line":26,"column":8},"end":{"line":28,"column":9}}]},"2":{"loc":{"start":{"line":32,"column":46},"end":{"line":32,"column":58}},"type":"binary-expr","locations":[{"start":{"line":32,"column":46},"end":{"line":32,"column":52}},{"start":{"line":32,"column":56},"end":{"line":32,"column":58}}]},"3":{"loc":{"start":{"line":41,"column":22},"end":{"line":41,"column":62}},"type":"binary-expr","locations":[{"start":{"line":41,"column":22},"end":{"line":41,"column":33}},{"start":{"line":41,"column":37},"end":{"line":41,"column":62}}]},"4":{"loc":{"start":{"line":43,"column":8},"end":{"line":45,"column":9}},"type":"if","locations":[{"start":{"line":43,"column":8},"end":{"line":45,"column":9}}]},"5":{"loc":{"start":{"line":49,"column":30},"end":{"line":49,"column":42}},"type":"binary-expr","locations":[{"start":{"line":49,"column":30},"end":{"line":49,"column":36}},{"start":{"line":49,"column":40},"end":{"line":49,"column":42}}]},"6":{"loc":{"start":{"line":60,"column":8},"end":{"line":62,"column":9}},"type":"if","locations":[{"start":{"line":60,"column":8},"end":{"line":62,"column":9}}]},"7":{"loc":{"start":{"line":64,"column":8},"end":{"line":66,"column":9}},"type":"if","locations":[{"start":{"line":64,"column":8},"end":{"line":66,"column":9}}]}},"s":{"0":3,"1":3,"2":3,"3":3,"4":0,"5":0,"6":0,"7":0,"8":0,"9":0,"10":0,"11":0,"12":0,"13":0,"14":0,"15":8,"16":8,"17":8,"18":8,"19":0,"20":0,"21":0,"22":0,"23":0,"24":0,"25":0,"26":0,"27":0,"28":0,"29":0,"30":0,"31":0,"32":0,"33":0,"34":0,"35":0,"36":3},"f":{"0":0,"1":8,"2":0},"b":{"0":[0],"1":[0],"2":[0,0],"3":[8,0],"4":[8],"5":[0,0],"6":[0],"7":[0]}}
,"C:\\Users\\Escudero\\Documents\\Projetos\\postech-fase2-projeto\\src\\service\\User\\UpdateUserService.ts": {"path":"C:\\Users\\Escudero\\Documents\\Projetos\\postech-fase2-projeto\\src\\service\\User\\UpdateUserService.ts","statementMap":{"0":{"start":{"line":3,"column":0},"end":{"line":3,"column":27}},"1":{"start":{"line":4,"column":0},"end":{"line":4,"column":40}},"2":{"start":{"line":8,"column":25},"end":{"line":8,"column":60}},"3":{"start":{"line":13,"column":25},"end":{"line":13,"column":42}},"4":{"start":{"line":14,"column":19},"end":{"line":14,"column":32}},"5":{"start":{"line":16,"column":21},"end":{"line":16,"column":51}},"6":{"start":{"line":18,"column":8},"end":{"line":20,"column":9}},"7":{"start":{"line":19,"column":12},"end":{"line":19,"column":null}},"8":{"start":{"line":23,"column":21},"end":{"line":23,"column":45}},"9":{"start":{"line":24,"column":29},"end":{"line":24,"column":62}},"10":{"start":{"line":26,"column":8},"end":{"line":26,"column":null}},"11":{"start":{"line":27,"column":8},"end":{"line":27,"column":null}},"12":{"start":{"line":6,"column":0},"end":{"line":6,"column":13}}},"fnMap":{"0":{"name":"(anonymous_1)","decl":{"start":{"line":8,"column":4},"end":{"line":8,"column":25}},"loc":{"start":{"line":8,"column":60},"end":{"line":9,"column":5}}},"1":{"name":"(anonymous_2)","decl":{"start":{"line":11,"column":4},"end":{"line":11,"column":9}},"loc":{"start":{"line":11,"column":45},"end":{"line":28,"column":5}}}},"branchMap":{"0":{"loc":{"start":{"line":18,"column":8},"end":{"line":20,"column":9}},"type":"if","locations":[{"start":{"line":18,"column":8},"end":{"line":20,"column":9}}]}},"s":{"0":3,"1":3,"2":3,"3":0,"4":0,"5":0,"6":0,"7":0,"8":0,"9":0,"10":0,"11":0,"12":3},"f":{"0":3,"1":0},"b":{"0":[0]}}
}
